Analysis & Synthesis report for MI-CircuitosDigitais
Mon Sep 04 02:17:22 2023
Quartus Prime Version 18.1.0 Build 625 09/12/2018 SJ Lite Edition


---------------------
; Table of Contents ;
---------------------
  1. Legal Notice
  2. Analysis & Synthesis Summary
  3. Analysis & Synthesis Settings
  4. Parallel Compilation
  5. Analysis & Synthesis Source Files Read
  6. Analysis & Synthesis Resource Usage Summary
  7. Analysis & Synthesis Resource Utilization by Entity
  8. General Register Statistics
  9. Analysis & Synthesis Messages



----------------
; Legal Notice ;
----------------
Copyright (C) 2018  Intel Corporation. All rights reserved.
Your use of Intel Corporation's design tools, logic functions 
and other software and tools, and its AMPP partner logic 
functions, and any output files from any of the foregoing 
(including device programming or simulation files), and any 
associated documentation or information are expressly subject 
to the terms and conditions of the Intel Program License 
Subscription Agreement, the Intel Quartus Prime License Agreement,
the Intel FPGA IP License Agreement, or other applicable license
agreement, including, without limitation, that your use is for
the sole purpose of programming logic devices manufactured by
Intel and sold by Intel or its authorized distributors.  Please
refer to the applicable agreement for further details.



+---------------------------------------------------------------------------+
; Analysis & Synthesis Summary                                              ;
+-----------------------------+---------------------------------------------+
; Analysis & Synthesis Status ; Successful - Mon Sep 04 02:17:22 2023       ;
; Quartus Prime Version       ; 18.1.0 Build 625 09/12/2018 SJ Lite Edition ;
; Revision Name               ; MI-CircuitosDigitais                        ;
; Top-level Entity Name       ; circuito_7seg_f2                            ;
; Family                      ; MAX II                                      ;
; Total logic elements        ; 1                                           ;
; Total pins                  ; 4                                           ;
; Total virtual pins          ; 0                                           ;
; UFM blocks                  ; 0 / 1 ( 0 % )                               ;
+-----------------------------+---------------------------------------------+


+--------------------------------------------------------------------------------------------------------------+
; Analysis & Synthesis Settings                                                                                ;
+------------------------------------------------------------------+--------------------+----------------------+
; Option                                                           ; Setting            ; Default Value        ;
+------------------------------------------------------------------+--------------------+----------------------+
; Device                                                           ; EPM240T100C5       ;                      ;
; Top-level entity name                                            ; circuito_7seg_f2   ; MI-CircuitosDigitais ;
; Family name                                                      ; MAX II             ; Cyclone V            ;
; Use smart compilation                                            ; Off                ; Off                  ;
; Enable parallel Assembler and Timing Analyzer during compilation ; On                 ; On                   ;
; Enable compact report table                                      ; Off                ; Off                  ;
; Restructure Multiplexers                                         ; Auto               ; Auto                 ;
; Create Debugging Nodes for IP Cores                              ; Off                ; Off                  ;
; Preserve fewer node names                                        ; On                 ; On                   ;
; Intel FPGA IP Evaluation Mode                                    ; Enable             ; Enable               ;
; Verilog Version                                                  ; Verilog_2001       ; Verilog_2001         ;
; VHDL Version                                                     ; VHDL_1993          ; VHDL_1993            ;
; State Machine Processing                                         ; Auto               ; Auto                 ;
; Safe State Machine                                               ; Off                ; Off                  ;
; Extract Verilog State Machines                                   ; On                 ; On                   ;
; Extract VHDL State Machines                                      ; On                 ; On                   ;
; Ignore Verilog initial constructs                                ; Off                ; Off                  ;
; Iteration limit for constant Verilog loops                       ; 5000               ; 5000                 ;
; Iteration limit for non-constant Verilog loops                   ; 250                ; 250                  ;
; Add Pass-Through Logic to Inferred RAMs                          ; On                 ; On                   ;
; Infer RAMs from Raw Logic                                        ; On                 ; On                   ;
; Parallel Synthesis                                               ; On                 ; On                   ;
; NOT Gate Push-Back                                               ; On                 ; On                   ;
; Power-Up Don't Care                                              ; On                 ; On                   ;
; Remove Redundant Logic Cells                                     ; Off                ; Off                  ;
; Remove Duplicate Registers                                       ; On                 ; On                   ;
; Ignore CARRY Buffers                                             ; Off                ; Off                  ;
; Ignore CASCADE Buffers                                           ; Off                ; Off                  ;
; Ignore GLOBAL Buffers                                            ; Off                ; Off                  ;
; Ignore ROW GLOBAL Buffers                                        ; Off                ; Off                  ;
; Ignore LCELL Buffers                                             ; Off                ; Off                  ;
; Ignore SOFT Buffers                                              ; On                 ; On                   ;
; Limit AHDL Integers to 32 Bits                                   ; Off                ; Off                  ;
; Optimization Technique                                           ; Balanced           ; Balanced             ;
; Carry Chain Length                                               ; 70                 ; 70                   ;
; Auto Carry Chains                                                ; On                 ; On                   ;
; Auto Open-Drain Pins                                             ; On                 ; On                   ;
; Perform WYSIWYG Primitive Resynthesis                            ; Off                ; Off                  ;
; Auto Shift Register Replacement                                  ; Auto               ; Auto                 ;
; Allow Shift Register Merging across Hierarchies                  ; Auto               ; Auto                 ;
; Auto Clock Enable Replacement                                    ; On                 ; On                   ;
; Allow Synchronous Control Signals                                ; On                 ; On                   ;
; Force Use of Synchronous Clear Signals                           ; Off                ; Off                  ;
; Auto Resource Sharing                                            ; Off                ; Off                  ;
; Use LogicLock Constraints during Resource Balancing              ; On                 ; On                   ;
; Ignore translate_off and synthesis_off directives                ; Off                ; Off                  ;
; Report Parameter Settings                                        ; On                 ; On                   ;
; Report Source Assignments                                        ; On                 ; On                   ;
; Report Connectivity Checks                                       ; On                 ; On                   ;
; Ignore Maximum Fan-Out Assignments                               ; Off                ; Off                  ;
; Synchronization Register Chain Length                            ; 2                  ; 2                    ;
; Power Optimization During Synthesis                              ; Normal compilation ; Normal compilation   ;
; HDL message level                                                ; Level2             ; Level2               ;
; Suppress Register Optimization Related Messages                  ; Off                ; Off                  ;
; Number of Removed Registers Reported in Synthesis Report         ; 5000               ; 5000                 ;
; Number of Swept Nodes Reported in Synthesis Report               ; 5000               ; 5000                 ;
; Number of Inverted Registers Reported in Synthesis Report        ; 100                ; 100                  ;
; Clock MUX Protection                                             ; On                 ; On                   ;
; Block Design Naming                                              ; Auto               ; Auto                 ;
; Synthesis Effort                                                 ; Auto               ; Auto                 ;
; Shift Register Replacement - Allow Asynchronous Clear Signal     ; On                 ; On                   ;
; Analysis & Synthesis Message Level                               ; Medium             ; Medium               ;
; Disable Register Merging Across Hierarchies                      ; Auto               ; Auto                 ;
+------------------------------------------------------------------+--------------------+----------------------+


+------------------------------------------+
; Parallel Compilation                     ;
+----------------------------+-------------+
; Processors                 ; Number      ;
+----------------------------+-------------+
; Number detected on machine ; 24          ;
; Maximum allowed            ; 16          ;
;                            ;             ;
; Average used               ; 1.00        ;
; Maximum used               ; 1           ;
;                            ;             ;
; Usage by Processor         ; % Time Used ;
;     Processor 1            ; 100.0%      ;
+----------------------------+-------------+


+---------------------------------------------------------------------------------------------------------------------------------------------------------------------------+
; Analysis & Synthesis Source Files Read                                                                                                                                    ;
+----------------------------------+-----------------+------------------------+-----------------------------------------------------------------------------------+---------+
; File Name with User-Entered Path ; Used in Netlist ; File Type              ; File Name with Absolute Path                                                      ; Library ;
+----------------------------------+-----------------+------------------------+-----------------------------------------------------------------------------------+---------+
; circuito_7seg_f2.v               ; yes             ; User Verilog HDL File  ; C:/Users/Bruno/OneDrive/Documentos/GitHub/MI-CircuitosDigitais/circuito_7seg_f2.v ;         ;
+----------------------------------+-----------------+------------------------+-----------------------------------------------------------------------------------+---------+


+-----------------------------------------------------+
; Analysis & Synthesis Resource Usage Summary         ;
+---------------------------------------------+-------+
; Resource                                    ; Usage ;
+---------------------------------------------+-------+
; Total logic elements                        ; 1     ;
;     -- Combinational with no register       ; 1     ;
;     -- Register only                        ; 0     ;
;     -- Combinational with a register        ; 0     ;
;                                             ;       ;
; Logic element usage by number of LUT inputs ;       ;
;     -- 4 input functions                    ; 0     ;
;     -- 3 input functions                    ; 1     ;
;     -- 2 input functions                    ; 0     ;
;     -- 1 input functions                    ; 0     ;
;     -- 0 input functions                    ; 0     ;
;                                             ;       ;
; Logic elements by mode                      ;       ;
;     -- normal mode                          ; 1     ;
;     -- arithmetic mode                      ; 0     ;
;     -- qfbk mode                            ; 0     ;
;     -- register cascade mode                ; 0     ;
;     -- synchronous clear/load mode          ; 0     ;
;     -- asynchronous clear/load mode         ; 0     ;
;                                             ;       ;
; Total registers                             ; 0     ;
; I/O pins                                    ; 4     ;
; Maximum fan-out node                        ; B     ;
; Maximum fan-out                             ; 1     ;
; Total fan-out                               ; 4     ;
; Average fan-out                             ; 0.80  ;
+---------------------------------------------+-------+


+-----------------------------------------------------------------------------------------------------------------------------------------------------------------------------------------------------------------------------------------+
; Analysis & Synthesis Resource Utilization by Entity                                                                                                                                                                                     ;
+----------------------------+-------------+--------------+------------+------+--------------+--------------+-------------------+------------------+-----------------+------------+---------------------+------------------+--------------+
; Compilation Hierarchy Node ; Logic Cells ; LC Registers ; UFM Blocks ; Pins ; Virtual Pins ; LUT-Only LCs ; Register-Only LCs ; LUT/Register LCs ; Carry Chain LCs ; Packed LCs ; Full Hierarchy Name ; Entity Name      ; Library Name ;
+----------------------------+-------------+--------------+------------+------+--------------+--------------+-------------------+------------------+-----------------+------------+---------------------+------------------+--------------+
; |circuito_7seg_f2          ; 1 (1)       ; 0            ; 0          ; 4    ; 0            ; 1 (1)        ; 0 (0)             ; 0 (0)            ; 0 (0)           ; 0 (0)      ; |circuito_7seg_f2   ; circuito_7seg_f2 ; work         ;
+----------------------------+-------------+--------------+------------+------+--------------+--------------+-------------------+------------------+-----------------+------------+---------------------+------------------+--------------+
Note: For table entries with two numbers listed, the numbers in parentheses indicate the number of resources of the given type used by the specific entity alone. The numbers listed outside of parentheses indicate the total resources of the given type used by the specific entity and all of its sub-entities in the hierarchy.


+------------------------------------------------------+
; General Register Statistics                          ;
+----------------------------------------------+-------+
; Statistic                                    ; Value ;
+----------------------------------------------+-------+
; Total registers                              ; 0     ;
; Number of registers using Synchronous Clear  ; 0     ;
; Number of registers using Synchronous Load   ; 0     ;
; Number of registers using Asynchronous Clear ; 0     ;
; Number of registers using Asynchronous Load  ; 0     ;
; Number of registers using Clock Enable       ; 0     ;
; Number of registers using Preset             ; 0     ;
+----------------------------------------------+-------+


+-------------------------------+
; Analysis & Synthesis Messages ;
+-------------------------------+
Info: *******************************************************************
Info: Running Quartus Prime Analysis & Synthesis
    Info: Version 18.1.0 Build 625 09/12/2018 SJ Lite Edition
    Info: Processing started: Mon Sep 04 02:17:16 2023
Info: Command: quartus_map --read_settings_files=on --write_settings_files=off MI-CircuitosDigitais -c MI-CircuitosDigitais
Warning (18236): Number of processors has not been specified which may cause overloading on shared machines.  Set the global assignment NUM_PARALLEL_PROCESSORS in your QSF to an appropriate value for best performance.
Info (20030): Parallel compilation is enabled and will use 16 of the 24 processors detected
Info (12021): Found 1 design units, including 1 entities, in source file circuito_autenticacao.v
    Info (12023): Found entity 1: circuito_autenticacao File: C:/Users/Bruno/OneDrive/Documentos/GitHub/MI-CircuitosDigitais/circuito_autenticacao.v Line: 1
Warning (10275): Verilog HDL Module Instantiation warning at pbl.v(36): ignored dangling comma in List of Port Connections File: C:/Users/Bruno/OneDrive/Documentos/GitHub/MI-CircuitosDigitais/pbl.v Line: 36
Warning (10275): Verilog HDL Module Instantiation warning at pbl.v(45): ignored dangling comma in List of Port Connections File: C:/Users/Bruno/OneDrive/Documentos/GitHub/MI-CircuitosDigitais/pbl.v Line: 45
Warning (10275): Verilog HDL Module Instantiation warning at pbl.v(54): ignored dangling comma in List of Port Connections File: C:/Users/Bruno/OneDrive/Documentos/GitHub/MI-CircuitosDigitais/pbl.v Line: 54
Warning (10275): Verilog HDL Module Instantiation warning at pbl.v(63): ignored dangling comma in List of Port Connections File: C:/Users/Bruno/OneDrive/Documentos/GitHub/MI-CircuitosDigitais/pbl.v Line: 63
Warning (10275): Verilog HDL Module Instantiation warning at pbl.v(73): ignored dangling comma in List of Port Connections File: C:/Users/Bruno/OneDrive/Documentos/GitHub/MI-CircuitosDigitais/pbl.v Line: 73
Warning (10275): Verilog HDL Module Instantiation warning at pbl.v(83): ignored dangling comma in List of Port Connections File: C:/Users/Bruno/OneDrive/Documentos/GitHub/MI-CircuitosDigitais/pbl.v Line: 83
Warning (10275): Verilog HDL Module Instantiation warning at pbl.v(96): ignored dangling comma in List of Port Connections File: C:/Users/Bruno/OneDrive/Documentos/GitHub/MI-CircuitosDigitais/pbl.v Line: 96
Warning (10275): Verilog HDL Module Instantiation warning at pbl.v(109): ignored dangling comma in List of Port Connections File: C:/Users/Bruno/OneDrive/Documentos/GitHub/MI-CircuitosDigitais/pbl.v Line: 109
Warning (10275): Verilog HDL Module Instantiation warning at pbl.v(117): ignored dangling comma in List of Port Connections File: C:/Users/Bruno/OneDrive/Documentos/GitHub/MI-CircuitosDigitais/pbl.v Line: 117
Warning (10275): Verilog HDL Module Instantiation warning at pbl.v(130): ignored dangling comma in List of Port Connections File: C:/Users/Bruno/OneDrive/Documentos/GitHub/MI-CircuitosDigitais/pbl.v Line: 130
Warning (10275): Verilog HDL Module Instantiation warning at pbl.v(139): ignored dangling comma in List of Port Connections File: C:/Users/Bruno/OneDrive/Documentos/GitHub/MI-CircuitosDigitais/pbl.v Line: 139
Warning (10275): Verilog HDL Module Instantiation warning at pbl.v(148): ignored dangling comma in List of Port Connections File: C:/Users/Bruno/OneDrive/Documentos/GitHub/MI-CircuitosDigitais/pbl.v Line: 148
Warning (10275): Verilog HDL Module Instantiation warning at pbl.v(157): ignored dangling comma in List of Port Connections File: C:/Users/Bruno/OneDrive/Documentos/GitHub/MI-CircuitosDigitais/pbl.v Line: 157
Warning (10275): Verilog HDL Module Instantiation warning at pbl.v(165): ignored dangling comma in List of Port Connections File: C:/Users/Bruno/OneDrive/Documentos/GitHub/MI-CircuitosDigitais/pbl.v Line: 165
Warning (10275): Verilog HDL Module Instantiation warning at pbl.v(178): ignored dangling comma in List of Port Connections File: C:/Users/Bruno/OneDrive/Documentos/GitHub/MI-CircuitosDigitais/pbl.v Line: 178
Warning (10275): Verilog HDL Module Instantiation warning at pbl.v(187): ignored dangling comma in List of Port Connections File: C:/Users/Bruno/OneDrive/Documentos/GitHub/MI-CircuitosDigitais/pbl.v Line: 187
Warning (10275): Verilog HDL Module Instantiation warning at pbl.v(196): ignored dangling comma in List of Port Connections File: C:/Users/Bruno/OneDrive/Documentos/GitHub/MI-CircuitosDigitais/pbl.v Line: 196
Warning (10275): Verilog HDL Module Instantiation warning at pbl.v(206): ignored dangling comma in List of Port Connections File: C:/Users/Bruno/OneDrive/Documentos/GitHub/MI-CircuitosDigitais/pbl.v Line: 206
Warning (10275): Verilog HDL Module Instantiation warning at pbl.v(219): ignored dangling comma in List of Port Connections File: C:/Users/Bruno/OneDrive/Documentos/GitHub/MI-CircuitosDigitais/pbl.v Line: 219
Warning (10275): Verilog HDL Module Instantiation warning at pbl.v(228): ignored dangling comma in List of Port Connections File: C:/Users/Bruno/OneDrive/Documentos/GitHub/MI-CircuitosDigitais/pbl.v Line: 228
Warning (10275): Verilog HDL Module Instantiation warning at pbl.v(240): ignored dangling comma in List of Port Connections File: C:/Users/Bruno/OneDrive/Documentos/GitHub/MI-CircuitosDigitais/pbl.v Line: 240
Warning (10275): Verilog HDL Module Instantiation warning at pbl.v(251): ignored dangling comma in List of Port Connections File: C:/Users/Bruno/OneDrive/Documentos/GitHub/MI-CircuitosDigitais/pbl.v Line: 251
Warning (10275): Verilog HDL Module Instantiation warning at pbl.v(262): ignored dangling comma in List of Port Connections File: C:/Users/Bruno/OneDrive/Documentos/GitHub/MI-CircuitosDigitais/pbl.v Line: 262
Warning (10275): Verilog HDL Module Instantiation warning at pbl.v(273): ignored dangling comma in List of Port Connections File: C:/Users/Bruno/OneDrive/Documentos/GitHub/MI-CircuitosDigitais/pbl.v Line: 273
Warning (10275): Verilog HDL Module Instantiation warning at pbl.v(283): ignored dangling comma in List of Port Connections File: C:/Users/Bruno/OneDrive/Documentos/GitHub/MI-CircuitosDigitais/pbl.v Line: 283
Warning (10275): Verilog HDL Module Instantiation warning at pbl.v(292): ignored dangling comma in List of Port Connections File: C:/Users/Bruno/OneDrive/Documentos/GitHub/MI-CircuitosDigitais/pbl.v Line: 292
Warning (10275): Verilog HDL Module Instantiation warning at pbl.v(301): ignored dangling comma in List of Port Connections File: C:/Users/Bruno/OneDrive/Documentos/GitHub/MI-CircuitosDigitais/pbl.v Line: 301
Warning (10275): Verilog HDL Module Instantiation warning at pbl.v(308): ignored dangling comma in List of Port Connections File: C:/Users/Bruno/OneDrive/Documentos/GitHub/MI-CircuitosDigitais/pbl.v Line: 308
Warning (10275): Verilog HDL Module Instantiation warning at pbl.v(315): ignored dangling comma in List of Port Connections File: C:/Users/Bruno/OneDrive/Documentos/GitHub/MI-CircuitosDigitais/pbl.v Line: 315
Warning (10275): Verilog HDL Module Instantiation warning at pbl.v(327): ignored dangling comma in List of Port Connections File: C:/Users/Bruno/OneDrive/Documentos/GitHub/MI-CircuitosDigitais/pbl.v Line: 327
Warning (10275): Verilog HDL Module Instantiation warning at pbl.v(336): ignored dangling comma in List of Port Connections File: C:/Users/Bruno/OneDrive/Documentos/GitHub/MI-CircuitosDigitais/pbl.v Line: 336
Warning (10275): Verilog HDL Module Instantiation warning at pbl.v(345): ignored dangling comma in List of Port Connections File: C:/Users/Bruno/OneDrive/Documentos/GitHub/MI-CircuitosDigitais/pbl.v Line: 345
Warning (10275): Verilog HDL Module Instantiation warning at pbl.v(354): ignored dangling comma in List of Port Connections File: C:/Users/Bruno/OneDrive/Documentos/GitHub/MI-CircuitosDigitais/pbl.v Line: 354
Warning (10275): Verilog HDL Module Instantiation warning at pbl.v(363): ignored dangling comma in List of Port Connections File: C:/Users/Bruno/OneDrive/Documentos/GitHub/MI-CircuitosDigitais/pbl.v Line: 363
Info (12021): Found 3 design units, including 3 entities, in source file pbl.v
    Info (12023): Found entity 1: pbl File: C:/Users/Bruno/OneDrive/Documentos/GitHub/MI-CircuitosDigitais/pbl.v Line: 1
    Info (12023): Found entity 2: comparar_permissao_e_funcionalidade File: C:/Users/Bruno/OneDrive/Documentos/GitHub/MI-CircuitosDigitais/pbl.v Line: 374
    Info (12023): Found entity 3: and_gate File: C:/Users/Bruno/OneDrive/Documentos/GitHub/MI-CircuitosDigitais/pbl.v Line: 389
Info (12021): Found 1 design units, including 1 entities, in source file circuito_funcionalidade.v
    Info (12023): Found entity 1: circuito_funcionalidade File: C:/Users/Bruno/OneDrive/Documentos/GitHub/MI-CircuitosDigitais/circuito_funcionalidade.v Line: 1
Info (12021): Found 1 design units, including 1 entities, in source file circuito_seletor_saidas.v
    Info (12023): Found entity 1: circuito_seletor_saidas File: C:/Users/Bruno/OneDrive/Documentos/GitHub/MI-CircuitosDigitais/circuito_seletor_saidas.v Line: 1
Warning (10275): Verilog HDL Module Instantiation warning at circuito_codificador_funcionalidade.v(23): ignored dangling comma in List of Port Connections File: C:/Users/Bruno/OneDrive/Documentos/GitHub/MI-CircuitosDigitais/circuito_codificador_funcionalidade.v Line: 23
Warning (10275): Verilog HDL Module Instantiation warning at circuito_codificador_funcionalidade.v(24): ignored dangling comma in List of Port Connections File: C:/Users/Bruno/OneDrive/Documentos/GitHub/MI-CircuitosDigitais/circuito_codificador_funcionalidade.v Line: 24
Warning (10275): Verilog HDL Module Instantiation warning at circuito_codificador_funcionalidade.v(25): ignored dangling comma in List of Port Connections File: C:/Users/Bruno/OneDrive/Documentos/GitHub/MI-CircuitosDigitais/circuito_codificador_funcionalidade.v Line: 25
Warning (10275): Verilog HDL Module Instantiation warning at circuito_codificador_funcionalidade.v(26): ignored dangling comma in List of Port Connections File: C:/Users/Bruno/OneDrive/Documentos/GitHub/MI-CircuitosDigitais/circuito_codificador_funcionalidade.v Line: 26
Warning (10275): Verilog HDL Module Instantiation warning at circuito_codificador_funcionalidade.v(28): ignored dangling comma in List of Port Connections File: C:/Users/Bruno/OneDrive/Documentos/GitHub/MI-CircuitosDigitais/circuito_codificador_funcionalidade.v Line: 28
Warning (10275): Verilog HDL Module Instantiation warning at circuito_codificador_funcionalidade.v(29): ignored dangling comma in List of Port Connections File: C:/Users/Bruno/OneDrive/Documentos/GitHub/MI-CircuitosDigitais/circuito_codificador_funcionalidade.v Line: 29
Warning (10275): Verilog HDL Module Instantiation warning at circuito_codificador_funcionalidade.v(30): ignored dangling comma in List of Port Connections File: C:/Users/Bruno/OneDrive/Documentos/GitHub/MI-CircuitosDigitais/circuito_codificador_funcionalidade.v Line: 30
Warning (10275): Verilog HDL Module Instantiation warning at circuito_codificador_funcionalidade.v(31): ignored dangling comma in List of Port Connections File: C:/Users/Bruno/OneDrive/Documentos/GitHub/MI-CircuitosDigitais/circuito_codificador_funcionalidade.v Line: 31
Warning (10275): Verilog HDL Module Instantiation warning at circuito_codificador_funcionalidade.v(32): ignored dangling comma in List of Port Connections File: C:/Users/Bruno/OneDrive/Documentos/GitHub/MI-CircuitosDigitais/circuito_codificador_funcionalidade.v Line: 32
Warning (10275): Verilog HDL Module Instantiation warning at circuito_codificador_funcionalidade.v(42): ignored dangling comma in List of Port Connections File: C:/Users/Bruno/OneDrive/Documentos/GitHub/MI-CircuitosDigitais/circuito_codificador_funcionalidade.v Line: 42
Warning (10275): Verilog HDL Module Instantiation warning at circuito_codificador_funcionalidade.v(50): ignored dangling comma in List of Port Connections File: C:/Users/Bruno/OneDrive/Documentos/GitHub/MI-CircuitosDigitais/circuito_codificador_funcionalidade.v Line: 50
Warning (10275): Verilog HDL Module Instantiation warning at circuito_codificador_funcionalidade.v(58): ignored dangling comma in List of Port Connections File: C:/Users/Bruno/OneDrive/Documentos/GitHub/MI-CircuitosDigitais/circuito_codificador_funcionalidade.v Line: 58
Warning (10275): Verilog HDL Module Instantiation warning at circuito_codificador_funcionalidade.v(66): ignored dangling comma in List of Port Connections File: C:/Users/Bruno/OneDrive/Documentos/GitHub/MI-CircuitosDigitais/circuito_codificador_funcionalidade.v Line: 66
Warning (10275): Verilog HDL Module Instantiation warning at circuito_codificador_funcionalidade.v(76): ignored dangling comma in List of Port Connections File: C:/Users/Bruno/OneDrive/Documentos/GitHub/MI-CircuitosDigitais/circuito_codificador_funcionalidade.v Line: 76
Warning (10275): Verilog HDL Module Instantiation warning at circuito_codificador_funcionalidade.v(86): ignored dangling comma in List of Port Connections File: C:/Users/Bruno/OneDrive/Documentos/GitHub/MI-CircuitosDigitais/circuito_codificador_funcionalidade.v Line: 86
Warning (10275): Verilog HDL Module Instantiation warning at circuito_codificador_funcionalidade.v(94): ignored dangling comma in List of Port Connections File: C:/Users/Bruno/OneDrive/Documentos/GitHub/MI-CircuitosDigitais/circuito_codificador_funcionalidade.v Line: 94
Warning (10275): Verilog HDL Module Instantiation warning at circuito_codificador_funcionalidade.v(104): ignored dangling comma in List of Port Connections File: C:/Users/Bruno/OneDrive/Documentos/GitHub/MI-CircuitosDigitais/circuito_codificador_funcionalidade.v Line: 104
Warning (10275): Verilog HDL Module Instantiation warning at circuito_codificador_funcionalidade.v(115): ignored dangling comma in List of Port Connections File: C:/Users/Bruno/OneDrive/Documentos/GitHub/MI-CircuitosDigitais/circuito_codificador_funcionalidade.v Line: 115
Warning (10275): Verilog HDL Module Instantiation warning at circuito_codificador_funcionalidade.v(125): ignored dangling comma in List of Port Connections File: C:/Users/Bruno/OneDrive/Documentos/GitHub/MI-CircuitosDigitais/circuito_codificador_funcionalidade.v Line: 125
Info (12021): Found 5 design units, including 5 entities, in source file circuito_codificador_funcionalidade.v
    Info (12023): Found entity 1: circuito_codificador_funcionalidade File: C:/Users/Bruno/OneDrive/Documentos/GitHub/MI-CircuitosDigitais/circuito_codificador_funcionalidade.v Line: 1
    Info (12023): Found entity 2: and_gate_3_inputs File: C:/Users/Bruno/OneDrive/Documentos/GitHub/MI-CircuitosDigitais/circuito_codificador_funcionalidade.v Line: 129
    Info (12023): Found entity 3: and_gate_4_inputs File: C:/Users/Bruno/OneDrive/Documentos/GitHub/MI-CircuitosDigitais/circuito_codificador_funcionalidade.v Line: 138
    Info (12023): Found entity 4: or_gate_4_inputs File: C:/Users/Bruno/OneDrive/Documentos/GitHub/MI-CircuitosDigitais/circuito_codificador_funcionalidade.v Line: 147
    Info (12023): Found entity 5: and_gate_2_inputs File: C:/Users/Bruno/OneDrive/Documentos/GitHub/MI-CircuitosDigitais/circuito_codificador_funcionalidade.v Line: 157
Warning (10275): Verilog HDL Module Instantiation warning at circuito_comparador_funcionalidade.v(24): ignored dangling comma in List of Port Connections File: C:/Users/Bruno/OneDrive/Documentos/GitHub/MI-CircuitosDigitais/circuito_comparador_funcionalidade.v Line: 24
Warning (10275): Verilog HDL Module Instantiation warning at circuito_comparador_funcionalidade.v(25): ignored dangling comma in List of Port Connections File: C:/Users/Bruno/OneDrive/Documentos/GitHub/MI-CircuitosDigitais/circuito_comparador_funcionalidade.v Line: 25
Warning (10275): Verilog HDL Module Instantiation warning at circuito_comparador_funcionalidade.v(26): ignored dangling comma in List of Port Connections File: C:/Users/Bruno/OneDrive/Documentos/GitHub/MI-CircuitosDigitais/circuito_comparador_funcionalidade.v Line: 26
Warning (10275): Verilog HDL Module Instantiation warning at circuito_comparador_funcionalidade.v(27): ignored dangling comma in List of Port Connections File: C:/Users/Bruno/OneDrive/Documentos/GitHub/MI-CircuitosDigitais/circuito_comparador_funcionalidade.v Line: 27
Warning (10275): Verilog HDL Module Instantiation warning at circuito_comparador_funcionalidade.v(29): ignored dangling comma in List of Port Connections File: C:/Users/Bruno/OneDrive/Documentos/GitHub/MI-CircuitosDigitais/circuito_comparador_funcionalidade.v Line: 29
Warning (10275): Verilog HDL Module Instantiation warning at circuito_comparador_funcionalidade.v(30): ignored dangling comma in List of Port Connections File: C:/Users/Bruno/OneDrive/Documentos/GitHub/MI-CircuitosDigitais/circuito_comparador_funcionalidade.v Line: 30
Warning (10275): Verilog HDL Module Instantiation warning at circuito_comparador_funcionalidade.v(31): ignored dangling comma in List of Port Connections File: C:/Users/Bruno/OneDrive/Documentos/GitHub/MI-CircuitosDigitais/circuito_comparador_funcionalidade.v Line: 31
Warning (10275): Verilog HDL Module Instantiation warning at circuito_comparador_funcionalidade.v(32): ignored dangling comma in List of Port Connections File: C:/Users/Bruno/OneDrive/Documentos/GitHub/MI-CircuitosDigitais/circuito_comparador_funcionalidade.v Line: 32
Warning (10275): Verilog HDL Module Instantiation warning at circuito_comparador_funcionalidade.v(34): ignored dangling comma in List of Port Connections File: C:/Users/Bruno/OneDrive/Documentos/GitHub/MI-CircuitosDigitais/circuito_comparador_funcionalidade.v Line: 34
Warning (10275): Verilog HDL Module Instantiation warning at circuito_comparador_funcionalidade.v(35): ignored dangling comma in List of Port Connections File: C:/Users/Bruno/OneDrive/Documentos/GitHub/MI-CircuitosDigitais/circuito_comparador_funcionalidade.v Line: 35
Warning (10275): Verilog HDL Module Instantiation warning at circuito_comparador_funcionalidade.v(36): ignored dangling comma in List of Port Connections File: C:/Users/Bruno/OneDrive/Documentos/GitHub/MI-CircuitosDigitais/circuito_comparador_funcionalidade.v Line: 36
Warning (10275): Verilog HDL Module Instantiation warning at circuito_comparador_funcionalidade.v(37): ignored dangling comma in List of Port Connections File: C:/Users/Bruno/OneDrive/Documentos/GitHub/MI-CircuitosDigitais/circuito_comparador_funcionalidade.v Line: 37
Warning (10275): Verilog HDL Module Instantiation warning at circuito_comparador_funcionalidade.v(39): ignored dangling comma in List of Port Connections File: C:/Users/Bruno/OneDrive/Documentos/GitHub/MI-CircuitosDigitais/circuito_comparador_funcionalidade.v Line: 39
Warning (10275): Verilog HDL Module Instantiation warning at circuito_comparador_funcionalidade.v(40): ignored dangling comma in List of Port Connections File: C:/Users/Bruno/OneDrive/Documentos/GitHub/MI-CircuitosDigitais/circuito_comparador_funcionalidade.v Line: 40
Warning (10275): Verilog HDL Module Instantiation warning at circuito_comparador_funcionalidade.v(41): ignored dangling comma in List of Port Connections File: C:/Users/Bruno/OneDrive/Documentos/GitHub/MI-CircuitosDigitais/circuito_comparador_funcionalidade.v Line: 41
Warning (10275): Verilog HDL Module Instantiation warning at circuito_comparador_funcionalidade.v(42): ignored dangling comma in List of Port Connections File: C:/Users/Bruno/OneDrive/Documentos/GitHub/MI-CircuitosDigitais/circuito_comparador_funcionalidade.v Line: 42
Warning (10275): Verilog HDL Module Instantiation warning at circuito_comparador_funcionalidade.v(50): ignored dangling comma in List of Port Connections File: C:/Users/Bruno/OneDrive/Documentos/GitHub/MI-CircuitosDigitais/circuito_comparador_funcionalidade.v Line: 50
Warning (10275): Verilog HDL Module Instantiation warning at circuito_comparador_funcionalidade.v(58): ignored dangling comma in List of Port Connections File: C:/Users/Bruno/OneDrive/Documentos/GitHub/MI-CircuitosDigitais/circuito_comparador_funcionalidade.v Line: 58
Warning (10275): Verilog HDL Module Instantiation warning at circuito_comparador_funcionalidade.v(66): ignored dangling comma in List of Port Connections File: C:/Users/Bruno/OneDrive/Documentos/GitHub/MI-CircuitosDigitais/circuito_comparador_funcionalidade.v Line: 66
Warning (10275): Verilog HDL Module Instantiation warning at circuito_comparador_funcionalidade.v(74): ignored dangling comma in List of Port Connections File: C:/Users/Bruno/OneDrive/Documentos/GitHub/MI-CircuitosDigitais/circuito_comparador_funcionalidade.v Line: 74
Warning (10275): Verilog HDL Module Instantiation warning at circuito_comparador_funcionalidade.v(82): ignored dangling comma in List of Port Connections File: C:/Users/Bruno/OneDrive/Documentos/GitHub/MI-CircuitosDigitais/circuito_comparador_funcionalidade.v Line: 82
Warning (10275): Verilog HDL Module Instantiation warning at circuito_comparador_funcionalidade.v(90): ignored dangling comma in List of Port Connections File: C:/Users/Bruno/OneDrive/Documentos/GitHub/MI-CircuitosDigitais/circuito_comparador_funcionalidade.v Line: 90
Warning (10275): Verilog HDL Module Instantiation warning at circuito_comparador_funcionalidade.v(98): ignored dangling comma in List of Port Connections File: C:/Users/Bruno/OneDrive/Documentos/GitHub/MI-CircuitosDigitais/circuito_comparador_funcionalidade.v Line: 98
Warning (10275): Verilog HDL Module Instantiation warning at circuito_comparador_funcionalidade.v(106): ignored dangling comma in List of Port Connections File: C:/Users/Bruno/OneDrive/Documentos/GitHub/MI-CircuitosDigitais/circuito_comparador_funcionalidade.v Line: 106
Warning (10275): Verilog HDL Module Instantiation warning at circuito_comparador_funcionalidade.v(116): ignored dangling comma in List of Port Connections File: C:/Users/Bruno/OneDrive/Documentos/GitHub/MI-CircuitosDigitais/circuito_comparador_funcionalidade.v Line: 116
Warning (10275): Verilog HDL Module Instantiation warning at circuito_comparador_funcionalidade.v(126): ignored dangling comma in List of Port Connections File: C:/Users/Bruno/OneDrive/Documentos/GitHub/MI-CircuitosDigitais/circuito_comparador_funcionalidade.v Line: 126
Info (12021): Found 1 design units, including 1 entities, in source file circuito_comparador_funcionalidade.v
    Info (12023): Found entity 1: circuito_comparador_funcionalidade File: C:/Users/Bruno/OneDrive/Documentos/GitHub/MI-CircuitosDigitais/circuito_comparador_funcionalidade.v Line: 1
Warning (10275): Verilog HDL Module Instantiation warning at circuito_comparador_autenticacao.v(28): ignored dangling comma in List of Port Connections File: C:/Users/Bruno/OneDrive/Documentos/GitHub/MI-CircuitosDigitais/circuito_comparador_autenticacao.v Line: 28
Warning (10275): Verilog HDL Module Instantiation warning at circuito_comparador_autenticacao.v(29): ignored dangling comma in List of Port Connections File: C:/Users/Bruno/OneDrive/Documentos/GitHub/MI-CircuitosDigitais/circuito_comparador_autenticacao.v Line: 29
Warning (10275): Verilog HDL Module Instantiation warning at circuito_comparador_autenticacao.v(30): ignored dangling comma in List of Port Connections File: C:/Users/Bruno/OneDrive/Documentos/GitHub/MI-CircuitosDigitais/circuito_comparador_autenticacao.v Line: 30
Warning (10275): Verilog HDL Module Instantiation warning at circuito_comparador_autenticacao.v(31): ignored dangling comma in List of Port Connections File: C:/Users/Bruno/OneDrive/Documentos/GitHub/MI-CircuitosDigitais/circuito_comparador_autenticacao.v Line: 31
Warning (10275): Verilog HDL Module Instantiation warning at circuito_comparador_autenticacao.v(33): ignored dangling comma in List of Port Connections File: C:/Users/Bruno/OneDrive/Documentos/GitHub/MI-CircuitosDigitais/circuito_comparador_autenticacao.v Line: 33
Warning (10275): Verilog HDL Module Instantiation warning at circuito_comparador_autenticacao.v(34): ignored dangling comma in List of Port Connections File: C:/Users/Bruno/OneDrive/Documentos/GitHub/MI-CircuitosDigitais/circuito_comparador_autenticacao.v Line: 34
Warning (10275): Verilog HDL Module Instantiation warning at circuito_comparador_autenticacao.v(35): ignored dangling comma in List of Port Connections File: C:/Users/Bruno/OneDrive/Documentos/GitHub/MI-CircuitosDigitais/circuito_comparador_autenticacao.v Line: 35
Warning (10275): Verilog HDL Module Instantiation warning at circuito_comparador_autenticacao.v(36): ignored dangling comma in List of Port Connections File: C:/Users/Bruno/OneDrive/Documentos/GitHub/MI-CircuitosDigitais/circuito_comparador_autenticacao.v Line: 36
Warning (10275): Verilog HDL Module Instantiation warning at circuito_comparador_autenticacao.v(37): ignored dangling comma in List of Port Connections File: C:/Users/Bruno/OneDrive/Documentos/GitHub/MI-CircuitosDigitais/circuito_comparador_autenticacao.v Line: 37
Warning (10275): Verilog HDL Module Instantiation warning at circuito_comparador_autenticacao.v(45): ignored dangling comma in List of Port Connections File: C:/Users/Bruno/OneDrive/Documentos/GitHub/MI-CircuitosDigitais/circuito_comparador_autenticacao.v Line: 45
Warning (10275): Verilog HDL Module Instantiation warning at circuito_comparador_autenticacao.v(61): ignored dangling comma in List of Port Connections File: C:/Users/Bruno/OneDrive/Documentos/GitHub/MI-CircuitosDigitais/circuito_comparador_autenticacao.v Line: 61
Warning (10275): Verilog HDL Module Instantiation warning at circuito_comparador_autenticacao.v(69): ignored dangling comma in List of Port Connections File: C:/Users/Bruno/OneDrive/Documentos/GitHub/MI-CircuitosDigitais/circuito_comparador_autenticacao.v Line: 69
Warning (10275): Verilog HDL Module Instantiation warning at circuito_comparador_autenticacao.v(79): ignored dangling comma in List of Port Connections File: C:/Users/Bruno/OneDrive/Documentos/GitHub/MI-CircuitosDigitais/circuito_comparador_autenticacao.v Line: 79
Warning (10275): Verilog HDL Module Instantiation warning at circuito_comparador_autenticacao.v(80): ignored dangling comma in List of Port Connections File: C:/Users/Bruno/OneDrive/Documentos/GitHub/MI-CircuitosDigitais/circuito_comparador_autenticacao.v Line: 80
Warning (10275): Verilog HDL Module Instantiation warning at circuito_comparador_autenticacao.v(81): ignored dangling comma in List of Port Connections File: C:/Users/Bruno/OneDrive/Documentos/GitHub/MI-CircuitosDigitais/circuito_comparador_autenticacao.v Line: 81
Warning (10275): Verilog HDL Module Instantiation warning at circuito_comparador_autenticacao.v(83): ignored dangling comma in List of Port Connections File: C:/Users/Bruno/OneDrive/Documentos/GitHub/MI-CircuitosDigitais/circuito_comparador_autenticacao.v Line: 83
Warning (10275): Verilog HDL Module Instantiation warning at circuito_comparador_autenticacao.v(84): ignored dangling comma in List of Port Connections File: C:/Users/Bruno/OneDrive/Documentos/GitHub/MI-CircuitosDigitais/circuito_comparador_autenticacao.v Line: 84
Warning (10275): Verilog HDL Module Instantiation warning at circuito_comparador_autenticacao.v(85): ignored dangling comma in List of Port Connections File: C:/Users/Bruno/OneDrive/Documentos/GitHub/MI-CircuitosDigitais/circuito_comparador_autenticacao.v Line: 85
Warning (10275): Verilog HDL Module Instantiation warning at circuito_comparador_autenticacao.v(86): ignored dangling comma in List of Port Connections File: C:/Users/Bruno/OneDrive/Documentos/GitHub/MI-CircuitosDigitais/circuito_comparador_autenticacao.v Line: 86
Warning (10275): Verilog HDL Module Instantiation warning at circuito_comparador_autenticacao.v(94): ignored dangling comma in List of Port Connections File: C:/Users/Bruno/OneDrive/Documentos/GitHub/MI-CircuitosDigitais/circuito_comparador_autenticacao.v Line: 94
Warning (10275): Verilog HDL Module Instantiation warning at circuito_comparador_autenticacao.v(102): ignored dangling comma in List of Port Connections File: C:/Users/Bruno/OneDrive/Documentos/GitHub/MI-CircuitosDigitais/circuito_comparador_autenticacao.v Line: 102
Warning (10275): Verilog HDL Module Instantiation warning at circuito_comparador_autenticacao.v(110): ignored dangling comma in List of Port Connections File: C:/Users/Bruno/OneDrive/Documentos/GitHub/MI-CircuitosDigitais/circuito_comparador_autenticacao.v Line: 110
Warning (10275): Verilog HDL Module Instantiation warning at circuito_comparador_autenticacao.v(118): ignored dangling comma in List of Port Connections File: C:/Users/Bruno/OneDrive/Documentos/GitHub/MI-CircuitosDigitais/circuito_comparador_autenticacao.v Line: 118
Warning (10275): Verilog HDL Module Instantiation warning at circuito_comparador_autenticacao.v(127): ignored dangling comma in List of Port Connections File: C:/Users/Bruno/OneDrive/Documentos/GitHub/MI-CircuitosDigitais/circuito_comparador_autenticacao.v Line: 127
Warning (10275): Verilog HDL Module Instantiation warning at circuito_comparador_autenticacao.v(128): ignored dangling comma in List of Port Connections File: C:/Users/Bruno/OneDrive/Documentos/GitHub/MI-CircuitosDigitais/circuito_comparador_autenticacao.v Line: 128
Warning (10275): Verilog HDL Module Instantiation warning at circuito_comparador_autenticacao.v(129): ignored dangling comma in List of Port Connections File: C:/Users/Bruno/OneDrive/Documentos/GitHub/MI-CircuitosDigitais/circuito_comparador_autenticacao.v Line: 129
Warning (10275): Verilog HDL Module Instantiation warning at circuito_comparador_autenticacao.v(130): ignored dangling comma in List of Port Connections File: C:/Users/Bruno/OneDrive/Documentos/GitHub/MI-CircuitosDigitais/circuito_comparador_autenticacao.v Line: 130
Warning (10275): Verilog HDL Module Instantiation warning at circuito_comparador_autenticacao.v(131): ignored dangling comma in List of Port Connections File: C:/Users/Bruno/OneDrive/Documentos/GitHub/MI-CircuitosDigitais/circuito_comparador_autenticacao.v Line: 131
Warning (10275): Verilog HDL Module Instantiation warning at circuito_comparador_autenticacao.v(132): ignored dangling comma in List of Port Connections File: C:/Users/Bruno/OneDrive/Documentos/GitHub/MI-CircuitosDigitais/circuito_comparador_autenticacao.v Line: 132
Warning (10275): Verilog HDL Module Instantiation warning at circuito_comparador_autenticacao.v(134): ignored dangling comma in List of Port Connections File: C:/Users/Bruno/OneDrive/Documentos/GitHub/MI-CircuitosDigitais/circuito_comparador_autenticacao.v Line: 134
Warning (10275): Verilog HDL Module Instantiation warning at circuito_comparador_autenticacao.v(135): ignored dangling comma in List of Port Connections File: C:/Users/Bruno/OneDrive/Documentos/GitHub/MI-CircuitosDigitais/circuito_comparador_autenticacao.v Line: 135
Warning (10275): Verilog HDL Module Instantiation warning at circuito_comparador_autenticacao.v(136): ignored dangling comma in List of Port Connections File: C:/Users/Bruno/OneDrive/Documentos/GitHub/MI-CircuitosDigitais/circuito_comparador_autenticacao.v Line: 136
Warning (10275): Verilog HDL Module Instantiation warning at circuito_comparador_autenticacao.v(146): ignored dangling comma in List of Port Connections File: C:/Users/Bruno/OneDrive/Documentos/GitHub/MI-CircuitosDigitais/circuito_comparador_autenticacao.v Line: 146
Warning (10275): Verilog HDL Module Instantiation warning at circuito_comparador_autenticacao.v(162): ignored dangling comma in List of Port Connections File: C:/Users/Bruno/OneDrive/Documentos/GitHub/MI-CircuitosDigitais/circuito_comparador_autenticacao.v Line: 162
Info (12021): Found 1 design units, including 1 entities, in source file circuito_comparador_autenticacao.v
    Info (12023): Found entity 1: circuito_comparador_autenticacao File: C:/Users/Bruno/OneDrive/Documentos/GitHub/MI-CircuitosDigitais/circuito_comparador_autenticacao.v Line: 1
Info (12021): Found 1 design units, including 1 entities, in source file mux2_1.v
    Info (12023): Found entity 1: mux2_1 File: C:/Users/Bruno/OneDrive/Documentos/GitHub/MI-CircuitosDigitais/mux2_1.v Line: 1
Info (12021): Found 1 design units, including 1 entities, in source file seletor_terminais.v
    Info (12023): Found entity 1: seletor_terminais File: C:/Users/Bruno/OneDrive/Documentos/GitHub/MI-CircuitosDigitais/seletor_terminais.v Line: 1
Info (12021): Found 1 design units, including 1 entities, in source file decodificador_leds.v
    Info (12023): Found entity 1: decodificador_leds File: C:/Users/Bruno/OneDrive/Documentos/GitHub/MI-CircuitosDigitais/decodificador_leds.v Line: 1
Info (12021): Found 1 design units, including 1 entities, in source file decodificador_matriz.v
    Info (12023): Found entity 1: decodificador_matriz File: C:/Users/Bruno/OneDrive/Documentos/GitHub/MI-CircuitosDigitais/decodificador_matriz.v Line: 1
Info (12021): Found 1 design units, including 1 entities, in source file circuito_seletor_7seg.v
    Info (12023): Found entity 1: circuito_seletor_7seg File: C:/Users/Bruno/OneDrive/Documentos/GitHub/MI-CircuitosDigitais/circuito_seletor_7seg.v Line: 1
Info (12021): Found 1 design units, including 1 entities, in source file decodificador_7seg.v
    Info (12023): Found entity 1: decodificador_7seg File: C:/Users/Bruno/OneDrive/Documentos/GitHub/MI-CircuitosDigitais/decodificador_7seg.v Line: 1
Info (12021): Found 1 design units, including 1 entities, in source file circuito_7seg_f2.v
    Info (12023): Found entity 1: circuito_7seg_f2 File: C:/Users/Bruno/OneDrive/Documentos/GitHub/MI-CircuitosDigitais/circuito_7seg_f2.v Line: 1
Info (12021): Found 1 design units, including 1 entities, in source file demux1_2.v
    Info (12023): Found entity 1: demux1_2 File: C:/Users/Bruno/OneDrive/Documentos/GitHub/MI-CircuitosDigitais/demux1_2.v Line: 1
Info (12127): Elaborating entity "circuito_7seg_f2" for the top level hierarchy
Info (21057): Implemented 5 device resources after synthesis - the final resource count might be different
    Info (21058): Implemented 3 input pins
    Info (21059): Implemented 1 output pins
    Info (21061): Implemented 1 logic cells
Info: Quartus Prime Analysis & Synthesis was successful. 0 errors, 114 warnings
    Info: Peak virtual memory: 4703 megabytes
    Info: Processing ended: Mon Sep 04 02:17:22 2023
    Info: Elapsed time: 00:00:06
    Info: Total CPU time (on all processors): 00:00:15


